<?xml version="1.0" encoding="UTF-8"?>
<testsuite xmlns:xsi="http://www.w3.org/2001/XMLSchema-instance" xsi:noNamespaceSchemaLocation="https://maven.apache.org/surefire/maven-surefire-plugin/xsd/surefire-test-report.xsd" name="com.awe.onlinestore.service.CatalogueServiceTest" time="0.37" tests="14" errors="0" skipped="0" failures="0">
  <properties>
[...]
</properties>
  <testcase name="testCheckStockAvailability_ProductNotFound" classname="com.awe.onlinestore.service.CatalogueServiceTest" time="0.338"/>
  <testcase name="testUpdateProductStock_InsufficientStock" classname="com.awe.onlinestore.service.CatalogueServiceTest" time="0.004"/>
  <testcase name="testGetAllCategories" classname="com.awe.onlinestore.service.CatalogueServiceTest" time="0.002"/>
  <testcase name="testGetProductsByCategory" classname="com.awe.onlinestore.service.CatalogueServiceTest" time="0.002"/>
  <testcase name="testSearchProducts_EmptyQuery" classname="com.awe.onlinestore.service.CatalogueServiceTest" time="0.001"/>
  <testcase name="testUpdateProductStock_Success" classname="com.awe.onlinestore.service.CatalogueServiceTest" time="0.001"/>
  <testcase name="testCheckStockAvailability_Insufficient" classname="com.awe.onlinestore.service.CatalogueServiceTest" time="0.001"/>
  <testcase name="testGetProductById_NotFound" classname="com.awe.onlinestore.service.CatalogueServiceTest" time="0.002"/>
  <testcase name="testCheckStockAvailability_Sufficient" classname="com.awe.onlinestore.service.CatalogueServiceTest" time="0.001"/>
  <testcase name="testSearchProducts" classname="com.awe.onlinestore.service.CatalogueServiceTest" time="0.001"/>
  <testcase name="testGetPriceRange" classname="com.awe.onlinestore.service.CatalogueServiceTest" time="0.002"/>
  <testcase name="testGetFilteredAndSortedProducts" classname="com.awe.onlinestore.service.CatalogueServiceTest" time="0.002"/>
  <testcase name="testGetProductById" classname="com.awe.onlinestore.service.CatalogueServiceTest" time="0.001"/>
  <testcase name="testGetAllProducts" classname="com.awe.onlinestore.service.CatalogueServiceTest" time="0.001"/>
</testsuite>